#
# A fatal error has been detected by the Java Runtime Environment:
#
#  EXCEPTION_ACCESS_VIOLATION (0xc0000005) at pc=0x0000000076dd5b22, pid=16124, tid=0x00000000000002a0
#
# JRE version: Java(TM) SE Runtime Environment (8.0_144-b01) (build 1.8.0_144-b01)
# Java VM: Java HotSpot(TM) 64-Bit Server VM (25.144-b01 mixed mode windows-amd64 compressed oops)
# Problematic frame:
# V  [jvm.dll+0x145b22]
#
# Failed to write core dump. Minidumps are not enabled by default on client versions of Windows
#
# If you would like to submit a bug report, please visit:
#   http://bugreport.java.com/bugreport/crash.jsp
#

---------------  T H R E A D  ---------------

Current thread (0x0000000002e51000):  JavaThread "main" [_thread_in_vm, id=672, stack(0x0000000002a90000,0x0000000002b90000)]

siginfo: ExceptionCode=0xc0000005, reading address 0x0000000000000000

Registers:
RAX=0x0000000000000000, RBX=0x0000000002e51000, RCX=0x0000000000000100, RDX=0x0000000000000000
RSP=0x0000000002b8d940, RBP=0x0000000000000000, RSI=0x0000000000000000, RDI=0x0000000000000000
R8 =0x0000000000000000, R9 =0x00000000e15277c8, R10=0x0000000000000006, R11=0x000000007749f4d8
R12=0x0000000002b8dae0, R13=0x0000000016373140, R14=0x0000000002b8dae0, R15=0x0000000002e51000
RIP=0x0000000076dd5b22, EFLAGS=0x0000000000010202

Top of Stack: (sp=0x0000000002b8d940)
0x0000000002b8d940:   0000000002b8da00 0000000076e6bac7
0x0000000002b8d950:   0000000002b8da00 000000006934204d
0x0000000002b8d960:   0000000002e51000 0000000000000000
0x0000000002b8d970:   0000000016373140 0000000069341599
0x0000000002b8d980:   0000000002e51000 0000000002c476c0
0x0000000002b8d990:   0000000016373148 0000000002b8dae0
0x0000000002b8d9a0:   0000000002e50110 0000000002e511f8
0x0000000002b8d9b0:   0000000002e51000 0000000069342090
0x0000000002b8d9c0:   0000000001049a88 0000000000000000
0x0000000002b8d9d0:   0000000016373148 0000000002e511f8
0x0000000002b8d9e0:   0000000016373148 0000000002e51000
0x0000000002b8d9f0:   00000000ffffffff 0000000002f68909
0x0000000002b8da00:   0000000016373148 0000000002e51000
0x0000000002b8da10:   00000000ffffffff 0000000002b8dab8
0x0000000002b8da20:   0000000000000000 0000000002f68a77
0x0000000002b8da30:   0000000002e51000 00000000ffffffff 

Instructions: (pc=0x0000000076dd5b22)
0x0000000076dd5b02:   89 5c 24 20 48 89 74 24 28 48 39 73 08 74 0a 48
0x0000000076dd5b12:   8d 4c 24 20 e8 85 62 13 00 40 38 35 be 89 6c 00
0x0000000076dd5b22:   48 8b 3f 48 63 05 a0 e9 6a 00 74 1b 8b 0c 38 85
0x0000000076dd5b32:   c9 74 7c 8b c1 8b 0d 5b bc 65 00 48 d3 e0 48 03 


Register to memory mapping:

RAX=0x0000000000000000 is an unknown value
RBX=0x0000000002e51000 is a thread
RCX=0x0000000000000100 is an unknown value
RDX=0x0000000000000000 is an unknown value
RSP=0x0000000002b8d940 is pointing into the stack for thread: 0x0000000002e51000
RBP=0x0000000000000000 is an unknown value
RSI=0x0000000000000000 is an unknown value
RDI=0x0000000000000000 is an unknown value
R8 =0x0000000000000000 is an unknown value
R9 =0x00000000e15277c8 is an oop
org.sqlite.NativeDB 
 - klass: 'org/sqlite/NativeDB'
R10=0x0000000000000006 is an unknown value
R11=0x000000007749f4d8 is an unknown value
R12=0x0000000002b8dae0 is pointing into the stack for thread: 0x0000000002e51000
R13=0x0000000016373140 is pointing into metadata
R14=0x0000000002b8dae0 is pointing into the stack for thread: 0x0000000002e51000
R15=0x0000000002e51000 is a thread


Stack: [0x0000000002a90000,0x0000000002b90000],  sp=0x0000000002b8d940,  free space=1014k
Native frames: (J=compiled Java code, j=interpreted, Vv=VM code, C=native code)

Java frames: (J=compiled Java code, j=interpreted, Vv=VM code)
j  org.sqlite.NativeDB.prepare(Ljava/lang/String;)J+0
j  org.sqlite.DB.prepare(Lorg/sqlite/Stmt;)V+43
j  org.sqlite.Stmt.executeQuery(Ljava/lang/String;)Ljava/sql/ResultSet;+23
j  org.Iteracion0ConectarBD.Agente.Consultar(Ljava/lang/String;)Ljava/sql/ResultSet;+9
j  org.Iteracion0ConectarBD.TestAgente.testSelect2()V+15
v  ~StubRoutines::call_stub
j  sun.reflect.NativeMethodAccessorImpl.invoke0(Ljava/lang/reflect/Method;Ljava/lang/Object;[Ljava/lang/Object;)Ljava/lang/Object;+0
j  sun.reflect.NativeMethodAccessorImpl.invoke(Ljava/lang/Object;[Ljava/lang/Object;)Ljava/lang/Object;+100
j  sun.reflect.DelegatingMethodAccessorImpl.invoke(Ljava/lang/Object;[Ljava/lang/Object;)Ljava/lang/Object;+6
j  java.lang.reflect.Method.invoke(Ljava/lang/Object;[Ljava/lang/Object;)Ljava/lang/Object;+56
j  org.apache.maven.surefire.junit.PojoTestSet.executeTestMethod(Ljava/lang/reflect/Method;[Ljava/lang/Object;Lorg/apache/maven/surefire/report/RunListener;)Z+293
j  org.apache.maven.surefire.junit.PojoTestSet.executeTestMethods(Lorg/apache/maven/surefire/report/RunListener;)V+130
j  org.apache.maven.surefire.junit.PojoTestSet.execute(Lorg/apache/maven/surefire/report/RunListener;Ljava/lang/ClassLoader;)V+30
j  org.apache.maven.surefire.junit.JUnit3Provider.executeTestSet(Lorg/apache/maven/surefire/junit/SurefireTestSet;Lorg/apache/maven/surefire/report/RunListener;Ljava/lang/ClassLoader;)V+50
j  org.apache.maven.surefire.junit.JUnit3Provider.invoke(Ljava/lang/Object;)Lorg/apache/maven/surefire/suite/RunResult;+227
v  ~StubRoutines::call_stub
j  sun.reflect.NativeMethodAccessorImpl.invoke0(Ljava/lang/reflect/Method;Ljava/lang/Object;[Ljava/lang/Object;)Ljava/lang/Object;+0
j  sun.reflect.NativeMethodAccessorImpl.invoke(Ljava/lang/Object;[Ljava/lang/Object;)Ljava/lang/Object;+100
j  sun.reflect.DelegatingMethodAccessorImpl.invoke(Ljava/lang/Object;[Ljava/lang/Object;)Ljava/lang/Object;+6
j  java.lang.reflect.Method.invoke(Ljava/lang/Object;[Ljava/lang/Object;)Ljava/lang/Object;+56
j  org.apache.maven.surefire.util.ReflectionUtils.invokeMethodWithArray(Ljava/lang/Object;Ljava/lang/reflect/Method;[Ljava/lang/Object;)Ljava/lang/Object;+7
j  org.apache.maven.surefire.booter.ProviderFactory$ProviderProxy.invoke(Ljava/lang/Object;)Lorg/apache/maven/surefire/suite/RunResult;+53
j  org.apache.maven.surefire.booter.ProviderFactory.invokeProvider(Ljava/lang/Object;Ljava/lang/ClassLoader;Ljava/lang/ClassLoader;Ljava/lang/Object;Lorg/apache/maven/surefire/booter/ProviderConfiguration;ZLorg/apache/maven/surefire/booter/StartupConfiguration;Z)Lorg/apache/maven/surefire/suite/RunResult;+58
j  org.apache.maven.surefire.booter.ForkedBooter.runSuitesInProcess(Ljava/lang/Object;Ljava/lang/ClassLoader;Lorg/apache/maven/surefire/booter/StartupConfiguration;Lorg/apache/maven/surefire/booter/ProviderConfiguration;Ljava/io/PrintStream;)Lorg/apache/maven/surefire/suite/RunResult;+74
j  org.apache.maven.surefire.booter.ForkedBooter.main([Ljava/lang/String;)V+230
v  ~StubRoutines::call_stub

---------------  P R O C E S S  ---------------

Java Threads: ( => current thread )
  0x0000000017f26000 JavaThread "Service Thread" daemon [_thread_blocked, id=17512, stack(0x00000000188b0000,0x00000000189b0000)]
  0x0000000017edf800 JavaThread "C1 CompilerThread2" daemon [_thread_blocked, id=17612, stack(0x00000000187b0000,0x00000000188b0000)]
  0x0000000017ede800 JavaThread "C2 CompilerThread1" daemon [_thread_in_native, id=17960, stack(0x00000000186b0000,0x00000000187b0000)]
  0x000000001801c000 JavaThread "C2 CompilerThread0" daemon [_thread_blocked, id=15868, stack(0x00000000185b0000,0x00000000186b0000)]
  0x000000001680f800 JavaThread "Attach Listener" daemon [_thread_blocked, id=7256, stack(0x0000000017d70000,0x0000000017e70000)]
  0x000000001680e800 JavaThread "Signal Dispatcher" daemon [_thread_blocked, id=14952, stack(0x0000000017c70000,0x0000000017d70000)]
  0x00000000167fa000 JavaThread "Finalizer" daemon [_thread_blocked, id=9760, stack(0x0000000017a60000,0x0000000017b60000)]
  0x00000000167d8800 JavaThread "Reference Handler" daemon [_thread_blocked, id=2136, stack(0x0000000017960000,0x0000000017a60000)]
=>0x0000000002e51000 JavaThread "main" [_thread_in_vm, id=672, stack(0x0000000002a90000,0x0000000002b90000)]

Other Threads:
  0x00000000167d6800 VMThread [stack: 0x0000000017860000,0x0000000017960000] [id=12008]
  0x0000000017ff5800 WatcherThread [stack: 0x00000000189b0000,0x0000000018ab0000] [id=6292]

VM state:not at safepoint (normal execution)

VM Mutex/Monitor currently owned by a thread: None

Heap:
 PSYoungGen      total 28672K, used 15869K [0x00000000e0700000, 0x00000000e2700000, 0x0000000100000000)
  eden space 24576K, 64% used [0x00000000e0700000,0x00000000e167f608,0x00000000e1f00000)
  from space 4096K, 0% used [0x00000000e2300000,0x00000000e2300000,0x00000000e2700000)
  to   space 4096K, 0% used [0x00000000e1f00000,0x00000000e1f00000,0x00000000e2300000)
 ParOldGen       total 65536K, used 0K [0x00000000a1400000, 0x00000000a5400000, 0x00000000e0700000)
  object space 65536K, 0% used [0x00000000a1400000,0x00000000a1400000,0x00000000a5400000)
 Metaspace       used 5406K, capacity 5974K, committed 6016K, reserved 1056768K
  class space    used 588K, capacity 630K, committed 640K, reserved 1048576K

Card table byte_map: [0x0000000012310000,0x0000000012610000] byte_map_base: 0x0000000011e06000

Marking Bits: (ParMarkBitMap*) 0x00000000774ad850
 Begin Bits: [0x0000000012c10000, 0x00000000143c0000)
 End Bits:   [0x00000000143c0000, 0x0000000015b70000)

Polling page: 0x0000000001020000

CodeCache: size=245760Kb used=2992Kb max_used=3003Kb free=242767Kb
 bounds [0x0000000002f50000, 0x0000000003250000, 0x0000000011f50000]
 total_blobs=882 nmethods=601 adapters=194
 compilation: enabled

Compilation events (10 events):
Event: 0.821 Thread 0x0000000017edf800 nmethod 601 0x000000000321fed0 code [0x0000000003220020, 0x0000000003220170]
Event: 0.821 Thread 0x0000000017edf800  602       3       org.jacoco.agent.rt.internal_8ff85ea.asm.commons.AnalyzerAdapter::visitIntInsn (24 bytes)
Event: 0.821 Thread 0x0000000017edf800 nmethod 602 0x0000000003236d50 code [0x0000000003236ec0, 0x0000000003237178]
Event: 0.826 Thread 0x000000001801c000 nmethod 595 0x000000000323d710 code [0x000000000323d9a0, 0x000000000323de68]
Event: 0.826 Thread 0x000000001801c000  582       4       org.jacoco.agent.rt.internal_8ff85ea.asm.ClassWriter::newUTF8 (70 bytes)
Event: 0.840 Thread 0x000000001801c000 nmethod 582 0x000000000323f450 code [0x000000000323f640, 0x0000000003240230]
Event: 0.840 Thread 0x000000001801c000  588       4       org.jacoco.agent.rt.internal_8ff85ea.asm.MethodVisitor::<init> (35 bytes)
Event: 0.841 Thread 0x000000001801c000 nmethod 588 0x000000000321b090 code [0x000000000321b1c0, 0x000000000321b278]
Event: 0.841 Thread 0x000000001801c000  581       4       org.jacoco.agent.rt.internal_8ff85ea.asm.tree.LineNumberNode::accept (16 bytes)
Event: 0.843 Thread 0x000000001801c000 nmethod 581 0x0000000003236850 code [0x00000000032369a0, 0x0000000003236b78]

GC Heap History (0 events):
No events

Deoptimization events (10 events):
Event: 0.545 Thread 0x0000000002e51000 Uncommon trap: reason=unstable_if action=reinterpret pc=0x000000000311df3c method=org.jacoco.agent.rt.internal_8ff85ea.asm.Type.getType([CI)Lorg/jacoco/agent/rt/internal_8ff85ea/asm/Type; @ 181
Event: 0.549 Thread 0x0000000002e51000 Uncommon trap: reason=unstable_if action=reinterpret pc=0x000000000311ba98 method=org.jacoco.agent.rt.internal_8ff85ea.asm.Item.isEqualTo(Lorg/jacoco/agent/rt/internal_8ff85ea/asm/Item;)Z @ 345
Event: 0.573 Thread 0x0000000002e51000 Uncommon trap: reason=unstable_if action=reinterpret pc=0x000000000317ad64 method=org.jacoco.agent.rt.internal_8ff85ea.asm.ClassReader.readUTF(II[C)Ljava/lang/String; @ 77
Event: 0.573 Thread 0x0000000002e51000 Uncommon trap: reason=unstable_if action=reinterpret pc=0x00000000031019fc method=org.jacoco.agent.rt.internal_8ff85ea.asm.ClassReader.readUTF(II[C)Ljava/lang/String; @ 77
Event: 0.624 Thread 0x0000000002e51000 Uncommon trap: reason=unstable_if action=reinterpret pc=0x0000000003084ba0 method=java.lang.String.indexOf([CII[CIII)I @ 123
Event: 0.624 Thread 0x0000000002e51000 Uncommon trap: reason=unstable_if action=reinterpret pc=0x0000000003082604 method=java.lang.String.indexOf([CII[CIII)I @ 123
Event: 0.709 Thread 0x0000000002e51000 Uncommon trap: reason=unstable_if action=reinterpret pc=0x000000000320bad8 method=java.io.BufferedInputStream.read()I @ 8
Event: 0.753 Thread 0x0000000002e51000 Uncommon trap: reason=unstable_if action=reinterpret pc=0x0000000003212f8c method=java.security.DigestInputStream.read()I @ 17
Event: 0.753 Thread 0x0000000002e51000 Uncommon trap: reason=unstable_if action=reinterpret pc=0x0000000003210bf4 method=org.sqlite.SQLiteJDBCLoader.md5sum(Ljava/io/InputStream;)Ljava/lang/String; @ 50
Event: 0.754 Thread 0x0000000002e51000 Uncommon trap: reason=unstable_if action=reinterpret pc=0x00000000032089a0 method=sun.security.provider.DigestBase.engineUpdate(B)V @ 4

Internal exceptions (7 events):
Event: 0.091 Thread 0x0000000002e51000 Exception <a 'java/lang/NoSuchMethodError': Method sun.misc.Unsafe.defineClass(Ljava/lang/String;[BII)Ljava/lang/Class; name or signature does not match> (0x00000000e0707ca8) thrown at [C:\re\workspace\8-2-build-windows-amd64-cygwin\jdk8u144\9417\hotspot\
Event: 0.091 Thread 0x0000000002e51000 Exception <a 'java/lang/NoSuchMethodError': Method sun.misc.Unsafe.prefetchRead(Ljava/lang/Object;J)V name or signature does not match> (0x00000000e0707f90) thrown at [C:\re\workspace\8-2-build-windows-amd64-cygwin\jdk8u144\9417\hotspot\src\share\vm\prims
Event: 0.633 Thread 0x0000000002e51000 Exception <a 'java/security/PrivilegedActionException'> (0x00000000e1277d60) thrown at [C:\re\workspace\8-2-build-windows-amd64-cygwin\jdk8u144\9417\hotspot\src\share\vm\prims\jvm.cpp, line 1390]
Event: 0.633 Thread 0x0000000002e51000 Exception <a 'java/security/PrivilegedActionException'> (0x00000000e1278158) thrown at [C:\re\workspace\8-2-build-windows-amd64-cygwin\jdk8u144\9417\hotspot\src\share\vm\prims\jvm.cpp, line 1390]
Event: 0.634 Thread 0x0000000002e51000 Exception <a 'java/security/PrivilegedActionException'> (0x00000000e127c510) thrown at [C:\re\workspace\8-2-build-windows-amd64-cygwin\jdk8u144\9417\hotspot\src\share\vm\prims\jvm.cpp, line 1390]
Event: 0.634 Thread 0x0000000002e51000 Exception <a 'java/security/PrivilegedActionException'> (0x00000000e127c908) thrown at [C:\re\workspace\8-2-build-windows-amd64-cygwin\jdk8u144\9417\hotspot\src\share\vm\prims\jvm.cpp, line 1390]
Event: 0.754 Thread 0x0000000002e51000 Implicit null exception at 0x00000000032086ca to 0x000000000320898d

Events (10 events):
Event: 0.807 loading class org/sqlite/RS
Event: 0.807 loading class org/sqlite/RS done
Event: 0.812 loading class java/sql/ResultSetMetaData
Event: 0.812 loading class java/sql/ResultSetMetaData done
Event: 0.813 loading class java/io/StringReader
Event: 0.814 loading class java/io/StringReader done
Event: 0.816 loading class java/util/Collections$EmptyIterator
Event: 0.816 loading class java/util/Collections$EmptyIterator done
Event: 0.816 loading class org/apache/maven/surefire/util/internal/ByteBuffer
Event: 0.816 loading class org/apache/maven/surefire/util/internal/ByteBuffer done


Dynamic libraries:
0x00007ff6704e0000 - 0x00007ff670517000 	C:\Program Files\Java\jdk1.8.0_144\jre\bin\java.exe
0x00007ffab74e0000 - 0x00007ffab76c1000 	C:\WINDOWS\SYSTEM32\ntdll.dll
0x00007ffab1330000 - 0x00007ffab1344000 	C:\Program Files\AVAST Software\Avast\x64\aswhooka.dll
0x00007ffab73f0000 - 0x00007ffab74a2000 	C:\WINDOWS\System32\KERNEL32.DLL
0x00007ffab3930000 - 0x00007ffab3ba3000 	C:\WINDOWS\System32\KERNELBASE.dll
0x00007ffab5f80000 - 0x00007ffab6021000 	C:\WINDOWS\System32\ADVAPI32.dll
0x00007ffab6f80000 - 0x00007ffab701e000 	C:\WINDOWS\System32\msvcrt.dll
0x00007ffab6060000 - 0x00007ffab60bb000 	C:\WINDOWS\System32\sechost.dll
0x00007ffab68c0000 - 0x00007ffab69e4000 	C:\WINDOWS\System32\RPCRT4.dll
0x00007ffab7020000 - 0x00007ffab71b0000 	C:\WINDOWS\System32\USER32.dll
0x00007ffab4150000 - 0x00007ffab4170000 	C:\WINDOWS\System32\win32u.dll
0x00007ffab5f40000 - 0x00007ffab5f68000 	C:\WINDOWS\System32\GDI32.dll
0x00007ffab3fb0000 - 0x00007ffab4142000 	C:\WINDOWS\System32\gdi32full.dll
0x00007ffab4880000 - 0x00007ffab491f000 	C:\WINDOWS\System32\msvcp_win.dll
0x00007ffab3c60000 - 0x00007ffab3d5a000 	C:\WINDOWS\System32\ucrtbase.dll
0x00007ffaa4d40000 - 0x00007ffaa4fa9000 	C:\WINDOWS\WinSxS\amd64_microsoft.windows.common-controls_6595b64144ccf1df_6.0.17134.407_none_fb449d63306391e9\COMCTL32.dll
0x00007ffab6130000 - 0x00007ffab6452000 	C:\WINDOWS\System32\combase.dll
0x00007ffab38b0000 - 0x00007ffab392a000 	C:\WINDOWS\System32\bcryptPrimitives.dll
0x00007ffab6030000 - 0x00007ffab605d000 	C:\WINDOWS\System32\IMM32.DLL
0x0000000076880000 - 0x0000000076952000 	C:\Program Files\Java\jdk1.8.0_144\jre\bin\msvcr100.dll
0x0000000076c90000 - 0x000000007752d000 	C:\Program Files\Java\jdk1.8.0_144\jre\bin\server\jvm.dll
0x00007ffab6460000 - 0x00007ffab6468000 	C:\WINDOWS\System32\PSAPI.DLL
0x00007ffaa0a60000 - 0x00007ffaa0a69000 	C:\WINDOWS\SYSTEM32\WSOCK32.dll
0x00007ffab60c0000 - 0x00007ffab612c000 	C:\WINDOWS\System32\WS2_32.dll
0x00007ffaaf870000 - 0x00007ffaaf893000 	C:\WINDOWS\SYSTEM32\WINMM.dll
0x00007ffaa4fb0000 - 0x00007ffaa4fba000 	C:\WINDOWS\SYSTEM32\VERSION.dll
0x00007ffaaf840000 - 0x00007ffaaf86a000 	C:\WINDOWS\SYSTEM32\WINMMBASE.dll
0x00007ffab4920000 - 0x00007ffab4969000 	C:\WINDOWS\System32\cfgmgr32.dll
0x0000000077cf0000 - 0x0000000077cff000 	C:\Program Files\Java\jdk1.8.0_144\jre\bin\verify.dll
0x0000000077cc0000 - 0x0000000077ce9000 	C:\Program Files\Java\jdk1.8.0_144\jre\bin\java.dll
0x0000000076850000 - 0x0000000076873000 	C:\Program Files\Java\jdk1.8.0_144\jre\bin\instrument.dll
0x0000000077ca0000 - 0x0000000077cb6000 	C:\Program Files\Java\jdk1.8.0_144\jre\bin\zip.dll
0x00007ffab49d0000 - 0x00007ffab5e0f000 	C:\WINDOWS\System32\SHELL32.dll
0x00007ffab69f0000 - 0x00007ffab6a99000 	C:\WINDOWS\System32\shcore.dll
0x00007ffab4170000 - 0x00007ffab487d000 	C:\WINDOWS\System32\windows.storage.dll
0x00007ffab4970000 - 0x00007ffab49c1000 	C:\WINDOWS\System32\shlwapi.dll
0x00007ffab3870000 - 0x00007ffab3881000 	C:\WINDOWS\System32\kernel.appcore.dll
0x00007ffab3890000 - 0x00007ffab38af000 	C:\WINDOWS\System32\profapi.dll
0x00007ffab3820000 - 0x00007ffab386c000 	C:\WINDOWS\System32\powrprof.dll
0x00007ffab3810000 - 0x00007ffab381a000 	C:\WINDOWS\System32\FLTLIB.DLL
0x0000000077c80000 - 0x0000000077c9a000 	C:\Program Files\Java\jdk1.8.0_144\jre\bin\net.dll
0x00007ffab3070000 - 0x00007ffab30d6000 	C:\WINDOWS\system32\mswsock.dll
0x00007ffa82530000 - 0x00007ffa82546000 	C:\WINDOWS\system32\napinsp.dll
0x00007ffa82510000 - 0x00007ffa8252a000 	C:\WINDOWS\system32\pnrpnsp.dll
0x00007ffaaf610000 - 0x00007ffaaf629000 	C:\WINDOWS\system32\NLAapi.dll
0x00007ffab2e30000 - 0x00007ffab2eee000 	C:\WINDOWS\SYSTEM32\DNSAPI.dll
0x00007ffab5f70000 - 0x00007ffab5f78000 	C:\WINDOWS\System32\NSI.dll
0x00007ffab2df0000 - 0x00007ffab2e28000 	C:\WINDOWS\SYSTEM32\IPHLPAPI.DLL
0x00007ffaa77b0000 - 0x00007ffaa77be000 	C:\WINDOWS\System32\winrnr.dll
0x00007ffaab440000 - 0x00007ffaab455000 	C:\WINDOWS\System32\wshbth.dll
0x00007ffaa8a90000 - 0x00007ffaa8a9a000 	C:\Windows\System32\rasadhlp.dll
0x00007ffaa7360000 - 0x00007ffaa73d2000 	C:\WINDOWS\System32\fwpuclnt.dll
0x00007ffab3350000 - 0x00007ffab3375000 	C:\WINDOWS\SYSTEM32\bcrypt.dll
0x0000000077c60000 - 0x0000000077c71000 	C:\Program Files\Java\jdk1.8.0_144\jre\bin\nio.dll
0x0000000069340000 - 0x00000000693c5000 	C:\Users\adria\AppData\Local\Temp\sqlite-3.7.2-sqlitejdbc.dll
0x00007ffab2200000 - 0x00007ffab23c9000 	C:\WINDOWS\SYSTEM32\dbghelp.dll

VM Arguments:
jvm_args: -javaagent:C:\\Users\\adria\\.m2\\repository\\org\\jacoco\\org.jacoco.agent\\0.7.9\\org.jacoco.agent-0.7.9-runtime.jar=destfile=C:\\Users\\adria\\eclipse-workspace\\Iso-II\\Iteracion0ConectarBD\\target\\jacoco.exec 
java_command: C:\Users\adria\eclipse-workspace\Iso-II\Iteracion0ConectarBD\target\surefire\surefirebooter2078339651783071254.jar C:\Users\adria\eclipse-workspace\Iso-II\Iteracion0ConectarBD\target\surefire\surefire5881854283317489119tmp C:\Users\adria\eclipse-workspace\Iso-II\Iteracion0ConectarBD\target\surefire\surefire_02085268419633664171tmp
java_class_path (initial): C:\Users\adria\eclipse-workspace\Iso-II\Iteracion0ConectarBD\target\surefire\surefirebooter2078339651783071254.jar;C:\\Users\\adria\\.m2\\repository\\org\\jacoco\\org.jacoco.agent\\0.7.9\\org.jacoco.agent-0.7.9-runtime.jar
Launcher Type: SUN_STANDARD

Environment Variables:
JAVA_HOME=C:\Program Files\Java\jdk1.8.0_144
CLASSPATH=C:\Program Files\Java\jdk1.8.0_144\lib
PATH=C:/Program Files/Java/jdk1.8.0_144/jre/bin/server;C:/Program Files/Java/jdk1.8.0_144/jre/bin;C:/Program Files/Java/jdk1.8.0_144/jre/lib/amd64;C:\ProgramData\Oracle\Java\javapath;C:\Program Files\Broadcom\Broadcom 802.11 Network Adapter;C:\Windows\system32;C:\Windows;C:\Windows\System32\Wbem;C:\Windows\System32\WindowsPowerShell\v1.0\;C:\Program Files\Java\jdk1.8.0_144\bin;C:\adb;C:\WINDOWS\system32;C:\WINDOWS;C:\WINDOWS\System32\Wbem;C:\WINDOWS\System32\WindowsPowerShell\v1.0\;C:\WINDOWS\System32\OpenSSH\;C:\Program Files\Git\cmd;C:\Users\adria\Maven\apache-maven-3.5.4\bin;C:\Users\adria\AppData\Local\Microsoft\WindowsApps;;C:\WINDOWS\System32;
USERNAME=adrii_das
OS=Windows_NT
PROCESSOR_IDENTIFIER=Intel64 Family 6 Model 61 Stepping 4, GenuineIntel



---------------  S Y S T E M  ---------------

OS: Windows 10.0 , 64 bit Build 17134 (10.0.17134.1)

CPU:total 4 (initial active 4) (2 cores per cpu, 2 threads per core) family 6 model 61 stepping 4, cmov, cx8, fxsr, mmx, sse, sse2, sse3, ssse3, sse4.1, sse4.2, popcnt, avx, avx2, aes, clmul, erms, 3dnowpref, lzcnt, ht, tsc, tscinvbit, bmi1, bmi2, adx

Memory: 4k page, physical 6204820k(2325476k free), swap 8896504k(3472368k free)

vm_info: Java HotSpot(TM) 64-Bit Server VM (25.144-b01) for windows-amd64 JRE (1.8.0_144-b01), built on Jul 21 2017 21:57:33 by "java_re" with MS VC++ 10.0 (VS2010)

time: Thu Dec 13 17:34:25 2018
elapsed time: 0 seconds (0d 0h 0m 0s)

